c:\users\brian\onedrive - singapore polytechnic\ay1920 s1\st0299  game programming using c++\p1828711_tham kai heng_ gprg_ca2\gamesource\debug\vc142.pdb
c:\users\brian\onedrive - singapore polytechnic\ay1920 s1\st0299  game programming using c++\p1828711_tham kai heng_ gprg_ca2\gamesource\debug\vc142.idb
c:\users\brian\onedrive - singapore polytechnic\ay1920 s1\st0299  game programming using c++\p1828711_tham kai heng_ gprg_ca2\gamesource\debug\textureholder.obj
c:\users\brian\onedrive - singapore polytechnic\ay1920 s1\st0299  game programming using c++\p1828711_tham kai heng_ gprg_ca2\gamesource\debug\scenelivingdeadarena.obj
c:\users\brian\onedrive - singapore polytechnic\ay1920 s1\st0299  game programming using c++\p1828711_tham kai heng_ gprg_ca2\gamesource\debug\scene.obj
c:\users\brian\onedrive - singapore polytechnic\ay1920 s1\st0299  game programming using c++\p1828711_tham kai heng_ gprg_ca2\gamesource\debug\player.obj
c:\users\brian\onedrive - singapore polytechnic\ay1920 s1\st0299  game programming using c++\p1828711_tham kai heng_ gprg_ca2\gamesource\debug\pickup.obj
c:\users\brian\onedrive - singapore polytechnic\ay1920 s1\st0299  game programming using c++\p1828711_tham kai heng_ gprg_ca2\gamesource\debug\main.obj
c:\users\brian\onedrive - singapore polytechnic\ay1920 s1\st0299  game programming using c++\p1828711_tham kai heng_ gprg_ca2\gamesource\debug\livingdead.obj
c:\users\brian\onedrive - singapore polytechnic\ay1920 s1\st0299  game programming using c++\p1828711_tham kai heng_ gprg_ca2\gamesource\debug\gameobject.obj
c:\users\brian\onedrive - singapore polytechnic\ay1920 s1\st0299  game programming using c++\p1828711_tham kai heng_ gprg_ca2\gamesource\debug\game.obj
c:\users\brian\onedrive - singapore polytechnic\ay1920 s1\st0299  game programming using c++\p1828711_tham kai heng_ gprg_ca2\gamesource\debug\createhorde.obj
c:\users\brian\onedrive - singapore polytechnic\ay1920 s1\st0299  game programming using c++\p1828711_tham kai heng_ gprg_ca2\gamesource\debug\createbackground.obj
c:\users\brian\onedrive - singapore polytechnic\ay1920 s1\st0299  game programming using c++\p1828711_tham kai heng_ gprg_ca2\gamesource\debug\bullet.obj
c:\users\brian\onedrive - singapore polytechnic\ay1920 s1\st0299  game programming using c++\p1828711_tham kai heng_ gprg_ca2\executable\2dgameengine.ilk
c:\users\brian\onedrive - singapore polytechnic\ay1920 s1\st0299  game programming using c++\p1828711_tham kai heng_ gprg_ca2\executable\2dgameengine.exe
c:\users\brian\onedrive - singapore polytechnic\ay1920 s1\st0299  game programming using c++\p1828711_tham kai heng_ gprg_ca2\executable\2dgameengine.pdb
c:\users\brian\onedrive - singapore polytechnic\ay1920 s1\st0299  game programming using c++\p1828711_tham kai heng_ gprg_ca2\gamesource\debug\vc141.idb
c:\users\brian\onedrive - singapore polytechnic\ay1920 s1\st0299  game programming using c++\p1828711_tham kai heng_ gprg_ca2\gamesource\debug\vc141.pdb
c:\users\brian\onedrive - singapore polytechnic\ay1920 s1\st0299  game programming using c++\p1828711_tham kai heng_ gprg_ca2\gamesource\debug\..\executable\2dgameengine.pdb
c:\users\brian\onedrive - singapore polytechnic\ay1920 s1\st0299  game programming using c++\p1828711_tham kai heng_ gprg_ca2\gamesource\..\executable\2dgameengine.exe
c:\users\brian\onedrive - singapore polytechnic\ay1920 s1\st0299  game programming using c++\p1828711_tham kai heng_ gprg_ca2\gamesource\debug\..\executable\2dgameengine.ilk
c:\users\brian\onedrive - singapore polytechnic\ay1920 s1\st0299  game programming using c++\p1828711_tham kai heng_ gprg_ca2\gamesource\debug\2dgameengine.tlog\cl.command.1.tlog
c:\users\brian\onedrive - singapore polytechnic\ay1920 s1\st0299  game programming using c++\p1828711_tham kai heng_ gprg_ca2\gamesource\debug\2dgameengine.tlog\cl.read.1.tlog
c:\users\brian\onedrive - singapore polytechnic\ay1920 s1\st0299  game programming using c++\p1828711_tham kai heng_ gprg_ca2\gamesource\debug\2dgameengine.tlog\cl.write.1.tlog
c:\users\brian\onedrive - singapore polytechnic\ay1920 s1\st0299  game programming using c++\p1828711_tham kai heng_ gprg_ca2\gamesource\debug\2dgameengine.tlog\link.command.1.tlog
c:\users\brian\onedrive - singapore polytechnic\ay1920 s1\st0299  game programming using c++\p1828711_tham kai heng_ gprg_ca2\gamesource\debug\2dgameengine.tlog\link.delete.1.tlog
c:\users\brian\onedrive - singapore polytechnic\ay1920 s1\st0299  game programming using c++\p1828711_tham kai heng_ gprg_ca2\gamesource\debug\2dgameengine.tlog\link.read.1.tlog
c:\users\brian\onedrive - singapore polytechnic\ay1920 s1\st0299  game programming using c++\p1828711_tham kai heng_ gprg_ca2\gamesource\debug\2dgameengine.tlog\link.write.1.tlog
