sfml-audio-s.lib(SoundBuffer.cpp.obj) : error LNK2001: unresolved external symbol __imp__alGenBuffers
sfml-audio-s.lib(SoundBuffer.cpp.obj) : error LNK2001: unresolved external symbol __imp__alDeleteBuffers
sfml-audio-s.lib(SoundBuffer.cpp.obj) : error LNK2001: unresolved external symbol __imp__alBufferData
sfml-audio-s.lib(SoundBuffer.cpp.obj) : error LNK2001: unresolved external symbol __imp__alGetBufferi
sfml-audio-s.lib(Sound.cpp.obj) : error LNK2001: unresolved external symbol __imp__alSourcef
sfml-audio-s.lib(SoundSource.cpp.obj) : error LNK2001: unresolved external symbol __imp__alSourcef
sfml-audio-s.lib(Sound.cpp.obj) : error LNK2001: unresolved external symbol __imp__alSourcei
sfml-audio-s.lib(SoundSource.cpp.obj) : error LNK2001: unresolved external symbol __imp__alSourcei
sfml-audio-s.lib(Sound.cpp.obj) : error LNK2001: unresolved external symbol __imp__alGetSourcef
sfml-audio-s.lib(SoundSource.cpp.obj) : error LNK2001: unresolved external symbol __imp__alGetSourcef
sfml-audio-s.lib(Sound.cpp.obj) : error LNK2001: unresolved external symbol __imp__alGetSourcei
sfml-audio-s.lib(SoundSource.cpp.obj) : error LNK2001: unresolved external symbol __imp__alGetSourcei
sfml-audio-s.lib(Sound.cpp.obj) : error LNK2001: unresolved external symbol __imp__alSourcePlay
sfml-audio-s.lib(Sound.cpp.obj) : error LNK2001: unresolved external symbol __imp__alSourceStop
sfml-audio-s.lib(Sound.cpp.obj) : error LNK2001: unresolved external symbol __imp__alSourcePause
sfml-audio-s.lib(AudioDevice.cpp.obj) : error LNK2001: unresolved external symbol __imp__alIsExtensionPresent
sfml-audio-s.lib(AudioDevice.cpp.obj) : error LNK2001: unresolved external symbol __imp__alGetEnumValue
sfml-audio-s.lib(AudioDevice.cpp.obj) : error LNK2001: unresolved external symbol __imp__alListenerf
sfml-audio-s.lib(AudioDevice.cpp.obj) : error LNK2001: unresolved external symbol __imp__alListener3f
sfml-audio-s.lib(AudioDevice.cpp.obj) : error LNK2001: unresolved external symbol __imp__alListenerfv
sfml-audio-s.lib(AudioDevice.cpp.obj) : error LNK2001: unresolved external symbol __imp__alcCreateContext
sfml-audio-s.lib(AudioDevice.cpp.obj) : error LNK2001: unresolved external symbol __imp__alcMakeContextCurrent
sfml-audio-s.lib(AudioDevice.cpp.obj) : error LNK2001: unresolved external symbol __imp__alcDestroyContext
sfml-audio-s.lib(AudioDevice.cpp.obj) : error LNK2001: unresolved external symbol __imp__alcOpenDevice
sfml-audio-s.lib(AudioDevice.cpp.obj) : error LNK2001: unresolved external symbol __imp__alcCloseDevice
sfml-audio-s.lib(AudioDevice.cpp.obj) : error LNK2001: unresolved external symbol __imp__alcIsExtensionPresent
sfml-audio-s.lib(SoundSource.cpp.obj) : error LNK2001: unresolved external symbol __imp__alGenSources
sfml-audio-s.lib(SoundSource.cpp.obj) : error LNK2001: unresolved external symbol __imp__alDeleteSources
sfml-audio-s.lib(SoundSource.cpp.obj) : error LNK2001: unresolved external symbol __imp__alSource3f
sfml-audio-s.lib(SoundSource.cpp.obj) : error LNK2001: unresolved external symbol __imp__alGetSource3f
sfml-audio-s.lib(SoundFileReaderFlac.cpp.obj) : error LNK2001: unresolved external symbol _FLAC__stream_decoder_new
sfml-audio-s.lib(SoundFileReaderFlac.cpp.obj) : error LNK2001: unresolved external symbol _FLAC__stream_decoder_delete
sfml-audio-s.lib(SoundFileReaderFlac.cpp.obj) : error LNK2001: unresolved external symbol _FLAC__stream_decoder_get_state
sfml-audio-s.lib(SoundFileReaderFlac.cpp.obj) : error LNK2001: unresolved external symbol _FLAC__stream_decoder_init_stream
sfml-audio-s.lib(SoundFileReaderFlac.cpp.obj) : error LNK2001: unresolved external symbol _FLAC__stream_decoder_finish
sfml-audio-s.lib(SoundFileReaderFlac.cpp.obj) : error LNK2001: unresolved external symbol _FLAC__stream_decoder_process_single
sfml-audio-s.lib(SoundFileReaderFlac.cpp.obj) : error LNK2001: unresolved external symbol _FLAC__stream_decoder_process_until_end_of_metadata
sfml-audio-s.lib(SoundFileReaderFlac.cpp.obj) : error LNK2001: unresolved external symbol _FLAC__stream_decoder_skip_single_frame
sfml-audio-s.lib(SoundFileReaderFlac.cpp.obj) : error LNK2001: unresolved external symbol _FLAC__stream_decoder_seek_absolute
sfml-audio-s.lib(SoundFileWriterFlac.cpp.obj) : error LNK2001: unresolved external symbol _FLAC__stream_encoder_new
sfml-audio-s.lib(SoundFileWriterFlac.cpp.obj) : error LNK2001: unresolved external symbol _FLAC__stream_encoder_delete
sfml-audio-s.lib(SoundFileWriterFlac.cpp.obj) : error LNK2001: unresolved external symbol _FLAC__stream_encoder_set_channels
sfml-audio-s.lib(SoundFileWriterFlac.cpp.obj) : error LNK2001: unresolved external symbol _FLAC__stream_encoder_set_bits_per_sample
sfml-audio-s.lib(SoundFileWriterFlac.cpp.obj) : error LNK2001: unresolved external symbol _FLAC__stream_encoder_set_sample_rate
sfml-audio-s.lib(SoundFileWriterFlac.cpp.obj) : error LNK2001: unresolved external symbol _FLAC__stream_encoder_init_file
sfml-audio-s.lib(SoundFileWriterFlac.cpp.obj) : error LNK2001: unresolved external symbol _FLAC__stream_encoder_finish
sfml-audio-s.lib(SoundFileWriterFlac.cpp.obj) : error LNK2001: unresolved external symbol _FLAC__stream_encoder_process_interleaved
sfml-audio-s.lib(SoundFileReaderOgg.cpp.obj) : error LNK2001: unresolved external symbol _ov_clear
sfml-audio-s.lib(SoundFileReaderOgg.cpp.obj) : error LNK2001: unresolved external symbol _ov_open_callbacks
sfml-audio-s.lib(SoundFileReaderOgg.cpp.obj) : error LNK2001: unresolved external symbol _ov_test_callbacks
sfml-audio-s.lib(SoundFileReaderOgg.cpp.obj) : error LNK2001: unresolved external symbol _ov_pcm_total
sfml-audio-s.lib(SoundFileReaderOgg.cpp.obj) : error LNK2001: unresolved external symbol _ov_pcm_seek
sfml-audio-s.lib(SoundFileReaderOgg.cpp.obj) : error LNK2001: unresolved external symbol _ov_info
sfml-audio-s.lib(SoundFileReaderOgg.cpp.obj) : error LNK2001: unresolved external symbol _ov_read
sfml-audio-s.lib(SoundFileWriterOgg.cpp.obj) : error LNK2001: unresolved external symbol _ogg_stream_packetin
sfml-audio-s.lib(SoundFileWriterOgg.cpp.obj) : error LNK2001: unresolved external symbol _ogg_stream_flush
sfml-audio-s.lib(SoundFileWriterOgg.cpp.obj) : error LNK2001: unresolved external symbol _ogg_stream_init
sfml-audio-s.lib(SoundFileWriterOgg.cpp.obj) : error LNK2001: unresolved external symbol _ogg_stream_clear
sfml-audio-s.lib(SoundFileWriterOgg.cpp.obj) : error LNK2001: unresolved external symbol _vorbis_info_init
sfml-audio-s.lib(SoundFileWriterOgg.cpp.obj) : error LNK2001: unresolved external symbol _vorbis_info_clear
sfml-audio-s.lib(SoundFileWriterOgg.cpp.obj) : error LNK2001: unresolved external symbol _vorbis_comment_init
sfml-audio-s.lib(SoundFileWriterOgg.cpp.obj) : error LNK2001: unresolved external symbol _vorbis_comment_clear
sfml-audio-s.lib(SoundFileWriterOgg.cpp.obj) : error LNK2001: unresolved external symbol _vorbis_block_init
sfml-audio-s.lib(SoundFileWriterOgg.cpp.obj) : error LNK2001: unresolved external symbol _vorbis_block_clear
sfml-audio-s.lib(SoundFileWriterOgg.cpp.obj) : error LNK2001: unresolved external symbol _vorbis_dsp_clear
sfml-audio-s.lib(SoundFileWriterOgg.cpp.obj) : error LNK2001: unresolved external symbol _vorbis_analysis_init
sfml-audio-s.lib(SoundFileWriterOgg.cpp.obj) : error LNK2001: unresolved external symbol _vorbis_analysis_headerout
sfml-audio-s.lib(SoundFileWriterOgg.cpp.obj) : error LNK2001: unresolved external symbol _vorbis_analysis_buffer
sfml-audio-s.lib(SoundFileWriterOgg.cpp.obj) : error LNK2001: unresolved external symbol _vorbis_analysis_wrote
sfml-audio-s.lib(SoundFileWriterOgg.cpp.obj) : error LNK2001: unresolved external symbol _vorbis_analysis_blockout
sfml-audio-s.lib(SoundFileWriterOgg.cpp.obj) : error LNK2001: unresolved external symbol _vorbis_analysis
sfml-audio-s.lib(SoundFileWriterOgg.cpp.obj) : error LNK2001: unresolved external symbol _vorbis_bitrate_addblock
sfml-audio-s.lib(SoundFileWriterOgg.cpp.obj) : error LNK2001: unresolved external symbol _vorbis_bitrate_flushpacket
sfml-audio-s.lib(SoundFileWriterOgg.cpp.obj) : error LNK2001: unresolved external symbol _vorbis_encode_init_vbr
sfml-graphics-s.lib(Texture.cpp.obj) : error LNK2001: unresolved external symbol _glFlush@0
sfml-graphics-s.lib(Shader.cpp.obj) : error LNK2001: unresolved external symbol _glFlush@0
sfml-graphics-s.lib(RenderTextureImplFBO.cpp.obj) : error LNK2001: unresolved external symbol _glGetIntegerv@8
sfml-graphics-s.lib(Texture.cpp.obj) : error LNK2001: unresolved external symbol _glGetIntegerv@8
sfml-graphics-s.lib(GLExtensions.cpp.obj) : error LNK2001: unresolved external symbol _glGetIntegerv@8
sfml-graphics-s.lib(TextureSaver.cpp.obj) : error LNK2001: unresolved external symbol _glGetIntegerv@8
sfml-graphics-s.lib(Shader.cpp.obj) : error LNK2001: unresolved external symbol _glGetIntegerv@8
sfml-graphics-s.lib(Texture.cpp.obj) : error LNK2001: unresolved external symbol _glGetTexImage@20
sfml-graphics-s.lib(Texture.cpp.obj) : error LNK2001: unresolved external symbol _glLoadIdentity@0
sfml-graphics-s.lib(RenderTarget.cpp.obj) : error LNK2001: unresolved external symbol _glLoadIdentity@0
sfml-graphics-s.lib(Texture.cpp.obj) : error LNK2001: unresolved external symbol _glLoadMatrixf@4
sfml-graphics-s.lib(RenderTarget.cpp.obj) : error LNK2001: unresolved external symbol _glLoadMatrixf@4
sfml-graphics-s.lib(Texture.cpp.obj) : error LNK2001: unresolved external symbol _glMatrixMode@4
sfml-graphics-s.lib(RenderTarget.cpp.obj) : error LNK2001: unresolved external symbol _glMatrixMode@4
sfml-graphics-s.lib(Texture.cpp.obj) : error LNK2001: unresolved external symbol _glTexImage2D@36
sfml-graphics-s.lib(Texture.cpp.obj) : error LNK2001: unresolved external symbol _glTexParameteri@12
sfml-graphics-s.lib(Texture.cpp.obj) : error LNK2001: unresolved external symbol _glBindTexture@8
sfml-graphics-s.lib(TextureSaver.cpp.obj) : error LNK2001: unresolved external symbol _glBindTexture@8
sfml-graphics-s.lib(Texture.cpp.obj) : error LNK2001: unresolved external symbol _glCopyTexSubImage2D@32
sfml-graphics-s.lib(Texture.cpp.obj) : error LNK2001: unresolved external symbol _glDeleteTextures@8
sfml-graphics-s.lib(Texture.cpp.obj) : error LNK2001: unresolved external symbol _glGenTextures@8
sfml-graphics-s.lib(Texture.cpp.obj) : error LNK2001: unresolved external symbol _glTexSubImage2D@36
sfml-graphics-s.lib(RenderTarget.cpp.obj) : error LNK2001: unresolved external symbol _glBlendFunc@8
sfml-graphics-s.lib(RenderTarget.cpp.obj) : error LNK2001: unresolved external symbol _glClear@4
sfml-graphics-s.lib(RenderTarget.cpp.obj) : error LNK2001: unresolved external symbol _glClearColor@16
sfml-graphics-s.lib(RenderTarget.cpp.obj) : error LNK2001: unresolved external symbol _glDisable@4
sfml-graphics-s.lib(RenderTarget.cpp.obj) : error LNK2001: unresolved external symbol _glEnable@4
sfml-graphics-s.lib(RenderTarget.cpp.obj) : error LNK2001: unresolved external symbol _glPopAttrib@0
sfml-graphics-s.lib(RenderTarget.cpp.obj) : error LNK2001: unresolved external symbol _glPopMatrix@0
sfml-graphics-s.lib(RenderTarget.cpp.obj) : error LNK2001: unresolved external symbol _glPushAttrib@4
sfml-graphics-s.lib(RenderTarget.cpp.obj) : error LNK2001: unresolved external symbol _glPushMatrix@0
sfml-graphics-s.lib(RenderTarget.cpp.obj) : error LNK2001: unresolved external symbol _glViewport@16
sfml-graphics-s.lib(RenderTarget.cpp.obj) : error LNK2001: unresolved external symbol _glColorPointer@16
sfml-graphics-s.lib(RenderTarget.cpp.obj) : error LNK2001: unresolved external symbol _glDisableClientState@4
sfml-graphics-s.lib(RenderTarget.cpp.obj) : error LNK2001: unresolved external symbol _glDrawArrays@12
sfml-graphics-s.lib(RenderTarget.cpp.obj) : error LNK2001: unresolved external symbol _glEnableClientState@4
sfml-graphics-s.lib(RenderTarget.cpp.obj) : error LNK2001: unresolved external symbol _glPopClientAttrib@0
sfml-graphics-s.lib(RenderTarget.cpp.obj) : error LNK2001: unresolved external symbol _glPushClientAttrib@4
sfml-graphics-s.lib(RenderTarget.cpp.obj) : error LNK2001: unresolved external symbol _glTexCoordPointer@16
sfml-graphics-s.lib(RenderTarget.cpp.obj) : error LNK2001: unresolved external symbol _glVertexPointer@16
sfml-graphics-s.lib(Font.cpp.obj) : error LNK2001: unresolved external symbol _FT_Init_FreeType
sfml-graphics-s.lib(Font.cpp.obj) : error LNK2001: unresolved external symbol _FT_Done_FreeType
sfml-graphics-s.lib(Font.cpp.obj) : error LNK2001: unresolved external symbol _FT_New_Face
sfml-graphics-s.lib(Font.cpp.obj) : error LNK2001: unresolved external symbol _FT_New_Memory_Face
sfml-graphics-s.lib(Font.cpp.obj) : error LNK2001: unresolved external symbol _FT_Open_Face
sfml-graphics-s.lib(Font.cpp.obj) : error LNK2001: unresolved external symbol _FT_Done_Face
sfml-graphics-s.lib(Font.cpp.obj) : error LNK2001: unresolved external symbol _FT_Set_Pixel_Sizes
sfml-graphics-s.lib(Font.cpp.obj) : error LNK2001: unresolved external symbol _FT_Load_Char
sfml-graphics-s.lib(Font.cpp.obj) : error LNK2001: unresolved external symbol _FT_Get_Kerning
sfml-graphics-s.lib(Font.cpp.obj) : error LNK2001: unresolved external symbol _FT_Select_Charmap
sfml-graphics-s.lib(Font.cpp.obj) : error LNK2001: unresolved external symbol _FT_Get_Char_Index
sfml-graphics-s.lib(Font.cpp.obj) : error LNK2001: unresolved external symbol _FT_MulFix
sfml-graphics-s.lib(Font.cpp.obj) : error LNK2001: unresolved external symbol _FT_Get_Glyph
sfml-graphics-s.lib(Font.cpp.obj) : error LNK2001: unresolved external symbol _FT_Glyph_To_Bitmap
sfml-graphics-s.lib(Font.cpp.obj) : error LNK2001: unresolved external symbol _FT_Done_Glyph
sfml-graphics-s.lib(Font.cpp.obj) : error LNK2001: unresolved external symbol _FT_Outline_Embolden
sfml-graphics-s.lib(Font.cpp.obj) : error LNK2001: unresolved external symbol _FT_Bitmap_Embolden
sfml-graphics-s.lib(Font.cpp.obj) : error LNK2001: unresolved external symbol _FT_Stroker_New
sfml-graphics-s.lib(Font.cpp.obj) : error LNK2001: unresolved external symbol _FT_Stroker_Set
sfml-graphics-s.lib(Font.cpp.obj) : error LNK2001: unresolved external symbol _FT_Stroker_Done
sfml-graphics-s.lib(Font.cpp.obj) : error LNK2001: unresolved external symbol _FT_Glyph_Stroke
sfml-graphics-s.lib(GLExtensions.cpp.obj) : error LNK2001: unresolved external symbol _glGetError@0
sfml-graphics-s.lib(GLExtensions.cpp.obj) : error LNK2001: unresolved external symbol _glGetString@4
sfml-window-s.lib(GlContext.cpp.obj) : error LNK2001: unresolved external symbol __imp__glEnable@4
sfml-window-s.lib(GlContext.cpp.obj) : error LNK2001: unresolved external symbol __imp__glGetError@0
sfml-window-s.lib(GlContext.cpp.obj) : error LNK2001: unresolved external symbol __imp__glGetIntegerv@8
sfml-window-s.lib(GlContext.cpp.obj) : error LNK2001: unresolved external symbol __imp__glGetString@4
sfml-window-s.lib(GlContext.cpp.obj) : error LNK2001: unresolved external symbol __imp__glIsEnabled@4
sfml-window-s.lib(WglContext.cpp.obj) : error LNK2001: unresolved external symbol __imp__wglCreateContext@4
sfml-window-s.lib(WglContext.cpp.obj) : error LNK2001: unresolved external symbol __imp__wglDeleteContext@4
sfml-window-s.lib(WglContext.cpp.obj) : error LNK2001: unresolved external symbol __imp__wglGetProcAddress@4
sfml-window-s.lib(WglContext.cpp.obj) : error LNK2001: unresolved external symbol __imp__wglMakeCurrent@8
sfml-window-s.lib(WglContext.cpp.obj) : error LNK2001: unresolved external symbol __imp__wglShareLists@8
sfml-window-s.lib(JoystickImpl.cpp.obj) : error LNK2001: unresolved external symbol __imp__joyGetPosEx@8
sfml-window-s.lib(JoystickImpl.cpp.obj) : error LNK2001: unresolved external symbol __imp__joyGetDevCapsW@12
sfml-system-s.lib(SleepImpl.cpp.obj) : error LNK2001: unresolved external symbol __imp__timeGetDevCaps@8
sfml-system-s.lib(SleepImpl.cpp.obj) : error LNK2001: unresolved external symbol __imp__timeBeginPeriod@4
sfml-system-s.lib(SleepImpl.cpp.obj) : error LNK2001: unresolved external symbol __imp__timeEndPeriod@4
C:\Users\brian\Downloads\2DGameEngine\Release\2DGameEngine.exe : fatal error LNK1120: 139 unresolved externals
