c:\users\brian\downloads\2dgameengine\x64\debug\vc141.pdb
c:\users\brian\downloads\2dgameengine\x64\debug\vc141.idb
c:\users\brian\downloads\2dgameengine\x64\debug\textureholder.obj
c:\users\brian\downloads\2dgameengine\x64\debug\scenespaceinvader.obj
c:\users\brian\downloads\2dgameengine\x64\debug\scenemonstershooter.obj
c:\users\brian\downloads\2dgameengine\x64\debug\scenelivingdeadarena.obj
c:\users\brian\downloads\2dgameengine\x64\debug\scenecollisiondetection.obj
c:\users\brian\downloads\2dgameengine\x64\debug\scene.obj
c:\users\brian\downloads\2dgameengine\x64\debug\player.obj
c:\users\brian\downloads\2dgameengine\x64\debug\pickup.obj
c:\users\brian\downloads\2dgameengine\x64\debug\main.obj
c:\users\brian\downloads\2dgameengine\x64\debug\livingdead.obj
c:\users\brian\downloads\2dgameengine\x64\debug\linecollider.obj
c:\users\brian\downloads\2dgameengine\x64\debug\hero.obj
c:\users\brian\downloads\2dgameengine\x64\debug\gameobject.obj
c:\users\brian\downloads\2dgameengine\x64\debug\game.obj
c:\users\brian\downloads\2dgameengine\x64\debug\herobullet.obj
c:\users\brian\downloads\2dgameengine\x64\debug\createhorde.obj
c:\users\brian\downloads\2dgameengine\x64\debug\createbackground.obj
c:\users\brian\downloads\2dgameengine\x64\debug\bullet.obj
c:\users\brian\downloads\2dgameengine\x64\debug\ball.obj
c:\users\brian\downloads\2dgameengine\x64\debug\alien.obj
c:\users\brian\downloads\2dgameengine\x64\debug\2dgameengine.tlog\cl.command.1.tlog
c:\users\brian\downloads\2dgameengine\x64\debug\2dgameengine.tlog\cl.read.1.tlog
c:\users\brian\downloads\2dgameengine\x64\debug\2dgameengine.tlog\cl.write.1.tlog
c:\users\brian\downloads\2dgameengine\x64\debug\2dgameengine.tlog\link.command.1.tlog
c:\users\brian\downloads\2dgameengine\x64\debug\2dgameengine.tlog\link.read.1.tlog
c:\users\brian\downloads\2dgameengine\x64\debug\2dgameengine.tlog\link.write.1.tlog
